CRITICAL - 2021-03-18 07:09:37 --> Call to undefined function set_value()
#0 /Users/zerapie/Documents/GitHub/projetPetitAnnonce/vendor/codeigniter4/framework/system/View/View.php(220): include()
#1 /Users/zerapie/Documents/GitHub/projetPetitAnnonce/vendor/codeigniter4/framework/system/View/View.php(222): CodeIgniter\View\View->CodeIgniter\View\{closure}()
#2 /Users/zerapie/Documents/GitHub/projetPetitAnnonce/vendor/codeigniter4/framework/system/Common.php(1217): CodeIgniter\View\View->render('register', Array, true)
#3 /Users/zerapie/Documents/GitHub/projetPetitAnnonce/app/Controllers/Home.php(10): view('register')
#4 /Users/zerapie/Documents/GitHub/projetPetitAnnonce/vendor/codeigniter4/framework/system/CodeIgniter.php(936): App\Controllers\Home->index()
#5 /Users/zerapie/Documents/GitHub/projetPetitAnnonce/vendor/codeigniter4/framework/system/CodeIgniter.php(432): CodeIgniter\CodeIgniter->runController(Object(App\Controllers\Home))
#6 /Users/zerapie/Documents/GitHub/projetPetitAnnonce/vendor/codeigniter4/framework/system/CodeIgniter.php(333): CodeIgniter\CodeIgniter->handleRequest(NULL, Object(Config\Cache), false)
#7 /Users/zerapie/Documents/GitHub/projetPetitAnnonce/public/index.php(44): CodeIgniter\CodeIgniter->run()
#8 {main}
CRITICAL - 2021-03-18 07:15:08 --> Call to undefined function set_value()
#0 /Users/zerapie/Documents/GitHub/projetPetitAnnonce/vendor/codeigniter4/framework/system/View/View.php(220): include()
#1 /Users/zerapie/Documents/GitHub/projetPetitAnnonce/vendor/codeigniter4/framework/system/View/View.php(222): CodeIgniter\View\View->CodeIgniter\View\{closure}()
#2 /Users/zerapie/Documents/GitHub/projetPetitAnnonce/vendor/codeigniter4/framework/system/Common.php(1217): CodeIgniter\View\View->render('register', Array, true)
#3 /Users/zerapie/Documents/GitHub/projetPetitAnnonce/app/Controllers/Home.php(10): view('register')
#4 /Users/zerapie/Documents/GitHub/projetPetitAnnonce/vendor/codeigniter4/framework/system/CodeIgniter.php(936): App\Controllers\Home->index()
#5 /Users/zerapie/Documents/GitHub/projetPetitAnnonce/vendor/codeigniter4/framework/system/CodeIgniter.php(432): CodeIgniter\CodeIgniter->runController(Object(App\Controllers\Home))
#6 /Users/zerapie/Documents/GitHub/projetPetitAnnonce/vendor/codeigniter4/framework/system/CodeIgniter.php(333): CodeIgniter\CodeIgniter->handleRequest(NULL, Object(Config\Cache), false)
#7 /Users/zerapie/Documents/GitHub/projetPetitAnnonce/public/index.php(44): CodeIgniter\CodeIgniter->run()
#8 {main}
CRITICAL - 2021-03-18 07:21:19 --> Call to undefined function set_value()
#0 /Users/zerapie/Documents/GitHub/projetPetitAnnonce/vendor/codeigniter4/framework/system/View/View.php(220): include()
#1 /Users/zerapie/Documents/GitHub/projetPetitAnnonce/vendor/codeigniter4/framework/system/View/View.php(222): CodeIgniter\View\View->CodeIgniter\View\{closure}()
#2 /Users/zerapie/Documents/GitHub/projetPetitAnnonce/vendor/codeigniter4/framework/system/Common.php(1217): CodeIgniter\View\View->render('register', Array, true)
#3 /Users/zerapie/Documents/GitHub/projetPetitAnnonce/app/Controllers/Home.php(10): view('register')
#4 /Users/zerapie/Documents/GitHub/projetPetitAnnonce/vendor/codeigniter4/framework/system/CodeIgniter.php(936): App\Controllers\Home->index()
#5 /Users/zerapie/Documents/GitHub/projetPetitAnnonce/vendor/codeigniter4/framework/system/CodeIgniter.php(432): CodeIgniter\CodeIgniter->runController(Object(App\Controllers\Home))
#6 /Users/zerapie/Documents/GitHub/projetPetitAnnonce/vendor/codeigniter4/framework/system/CodeIgniter.php(333): CodeIgniter\CodeIgniter->handleRequest(NULL, Object(Config\Cache), false)
#7 /Users/zerapie/Documents/GitHub/projetPetitAnnonce/public/index.php(44): CodeIgniter\CodeIgniter->run()
#8 {main}
CRITICAL - 2021-03-18 13:36:11 --> Undefined array key "addshop"
#0 /Users/zerapie/Documents/GitHub/projetPetitAnnonce/vendor/codeigniter4/framework/system/HTTP/URI.php(287): CodeIgniter\Debug\Exceptions->errorHandler(2, 'Undefined array...', '/Users/zerapie/...', 287)
#1 /Users/zerapie/Documents/GitHub/projetPetitAnnonce/vendor/codeigniter4/framework/system/HTTP/URI.php(590): CodeIgniter\HTTP\URI->getAuthority()
#2 /Users/zerapie/Documents/GitHub/projetPetitAnnonce/vendor/codeigniter4/framework/system/Helpers/url_helper.php(119): CodeIgniter\HTTP\URI->__toString()
#3 /Users/zerapie/Documents/GitHub/projetPetitAnnonce/app/Views/index.php(827): base_url('common/Header', 'addshop', 'common/Footer')
#4 /Users/zerapie/Documents/GitHub/projetPetitAnnonce/vendor/codeigniter4/framework/system/View/View.php(220): include('/Users/zerapie/...')
#5 /Users/zerapie/Documents/GitHub/projetPetitAnnonce/vendor/codeigniter4/framework/system/View/View.php(222): CodeIgniter\View\View->CodeIgniter\View\{closure}()
#6 /Users/zerapie/Documents/GitHub/projetPetitAnnonce/vendor/codeigniter4/framework/system/Common.php(1217): CodeIgniter\View\View->render('index', Array, true)
#7 /Users/zerapie/Documents/GitHub/projetPetitAnnonce/app/Controllers/Dashboard.php(22): view('index')
#8 /Users/zerapie/Documents/GitHub/projetPetitAnnonce/vendor/codeigniter4/framework/system/CodeIgniter.php(936): App\Controllers\Dashboard->index()
#9 /Users/zerapie/Documents/GitHub/projetPetitAnnonce/vendor/codeigniter4/framework/system/CodeIgniter.php(432): CodeIgniter\CodeIgniter->runController(Object(App\Controllers\Dashboard))
#10 /Users/zerapie/Documents/GitHub/projetPetitAnnonce/vendor/codeigniter4/framework/system/CodeIgniter.php(333): CodeIgniter\CodeIgniter->handleRequest(NULL, Object(Config\Cache), false)
#11 /Users/zerapie/Documents/GitHub/projetPetitAnnonce/public/index.php(44): CodeIgniter\CodeIgniter->run()
#12 {main}
CRITICAL - 2021-03-18 14:45:08 --> Undefined variable $model
#0 /Users/zerapie/Documents/GitHub/projetPetitAnnonce/app/Controllers/AddShop.php(56): CodeIgniter\Debug\Exceptions->errorHandler(2, 'Undefined varia...', '/Users/zerapie/...', 56)
#1 /Users/zerapie/Documents/GitHub/projetPetitAnnonce/vendor/codeigniter4/framework/system/CodeIgniter.php(936): App\Controllers\AddShop->save()
#2 /Users/zerapie/Documents/GitHub/projetPetitAnnonce/vendor/codeigniter4/framework/system/CodeIgniter.php(432): CodeIgniter\CodeIgniter->runController(Object(App\Controllers\AddShop))
#3 /Users/zerapie/Documents/GitHub/projetPetitAnnonce/vendor/codeigniter4/framework/system/CodeIgniter.php(333): CodeIgniter\CodeIgniter->handleRequest(NULL, Object(Config\Cache), false)
#4 /Users/zerapie/Documents/GitHub/projetPetitAnnonce/public/index.php(44): CodeIgniter\CodeIgniter->run()
#5 {main}
